[INFO ] 2025-09-05 15:35:30.139 [main] StorageBeanPostProcessor - StorageBeanPostProcessor: processing bean of type org.springframework.jdbc.datasource.DriverManagerDataSource during initialization
[INFO ] 2025-09-05 15:35:30.182 [main] StorageBeanPostProcessor - StorageBeanPostProcessor: processing bean of type org.springframework.orm.jpa.vendor.HibernateJpaVendorAdapter during initialization
[INFO ] 2025-09-05 15:35:30.187 [main] StorageBeanPostProcessor - StorageBeanPostProcessor: processing bean of type org.springframework.orm.jpa.LocalContainerEntityManagerFactoryBean during initialization
[INFO ] 2025-09-05 15:35:32.821 [main] StorageBeanPostProcessor - StorageBeanPostProcessor: processing bean of type jdk.proxy2.$Proxy76 during initialization
[INFO ] 2025-09-05 15:35:32.850 [main] StorageBeanPostProcessor - StorageBeanPostProcessor: processing bean of type org.springframework.data.jpa.util.JpaMetamodelCacheCleanup during initialization
[INFO ] 2025-09-05 15:35:32.854 [main] StorageBeanPostProcessor - StorageBeanPostProcessor: processing bean of type org.springframework.data.jpa.repository.support.JpaEvaluationContextExtension during initialization
[INFO ] 2025-09-05 15:35:32.859 [main] StorageBeanPostProcessor - StorageBeanPostProcessor: processing bean of type org.springframework.data.repository.config.PropertiesBasedNamedQueriesFactoryBean during initialization
[INFO ] 2025-09-05 15:35:32.862 [main] StorageBeanPostProcessor - StorageBeanPostProcessor: processing bean of type org.springframework.data.repository.core.support.RepositoryFragmentsFactoryBean during initialization
[INFO ] 2025-09-05 15:35:32.908 [main] StorageBeanPostProcessor - StorageBeanPostProcessor: processing bean of type org.springframework.data.jpa.repository.config.JpaMetamodelMappingContextFactoryBean during initialization
[INFO ] 2025-09-05 15:35:32.936 [main] StorageBeanPostProcessor - StorageBeanPostProcessor: processing bean of type org.springframework.data.jpa.repository.support.JpaRepositoryFactoryBean during initialization
[INFO ] 2025-09-05 15:35:33.984 [main] StorageBeanPostProcessor - StorageBeanPostProcessor: processing bean of type org.springframework.data.repository.config.PropertiesBasedNamedQueriesFactoryBean during initialization
[INFO ] 2025-09-05 15:35:33.984 [main] StorageBeanPostProcessor - StorageBeanPostProcessor: processing bean of type org.springframework.data.repository.core.support.RepositoryFragmentsFactoryBean during initialization
[INFO ] 2025-09-05 15:35:33.987 [main] StorageBeanPostProcessor - StorageBeanPostProcessor: processing bean of type org.springframework.data.jpa.repository.support.JpaRepositoryFactoryBean during initialization
[INFO ] 2025-09-05 15:35:34.005 [main] StorageBeanPostProcessor - StorageBeanPostProcessor: processing bean of type org.springframework.data.repository.config.PropertiesBasedNamedQueriesFactoryBean during initialization
[INFO ] 2025-09-05 15:35:34.006 [main] StorageBeanPostProcessor - StorageBeanPostProcessor: processing bean of type org.springframework.data.repository.core.support.RepositoryFragmentsFactoryBean during initialization
[INFO ] 2025-09-05 15:35:34.009 [main] StorageBeanPostProcessor - StorageBeanPostProcessor: processing bean of type org.springframework.data.jpa.repository.support.JpaRepositoryFactoryBean during initialization
[INFO ] 2025-09-05 15:35:34.063 [main] StorageBeanPostProcessor - StorageBeanPostProcessor: processing bean of type org.springframework.data.repository.config.PropertiesBasedNamedQueriesFactoryBean during initialization
[INFO ] 2025-09-05 15:35:34.064 [main] StorageBeanPostProcessor - StorageBeanPostProcessor: processing bean of type org.springframework.data.repository.core.support.RepositoryFragmentsFactoryBean during initialization
[INFO ] 2025-09-05 15:35:34.066 [main] StorageBeanPostProcessor - StorageBeanPostProcessor: processing bean of type org.springframework.data.jpa.repository.support.JpaRepositoryFactoryBean during initialization
[INFO ] 2025-09-05 15:35:34.094 [main] StorageBeanPostProcessor - StorageBeanPostProcessor: processing bean of type org.springframework.data.jpa.repository.config.JpaRepositoryConfigExtension$JpaRepositoryRegistrationAotProcessor during initialization
[INFO ] 2025-09-05 15:35:34.133 [main] StorageBeanPostProcessor - StorageBeanPostProcessor: processing bean of type org.springframework.orm.jpa.JpaTransactionManager during initialization
[INFO ] 2025-09-05 15:35:34.139 [main] StorageBeanPostProcessor - StorageBeanPostProcessor: processing bean of type ua.epam.mishchenko.ticketbooking.db.Storage during initialization
[INFO ] 2025-09-05 15:35:34.140 [main] StorageBeanPostProcessor - StorageBeanPostProcessor: inserting prepared data in bean of type ua.epam.mishchenko.ticketbooking.db.Storage
[INFO ] 2025-09-05 15:35:34.144 [main] StorageBeanPostProcessor - StorageBeanPostProcessor: successfully inserting prepared data in bean of type ua.epam.mishchenko.ticketbooking.db.Storage
[INFO ] 2025-09-05 15:35:34.146 [main] StorageBeanPostProcessor - StorageBeanPostProcessor: processing bean of type ua.epam.mishchenko.ticketbooking.dao.impl.EventDAOImpl during initialization
[INFO ] 2025-09-05 15:35:34.157 [main] StorageBeanPostProcessor - StorageBeanPostProcessor: processing bean of type ua.epam.mishchenko.ticketbooking.dao.impl.TicketDAOImpl during initialization
[INFO ] 2025-09-05 15:35:34.159 [main] StorageBeanPostProcessor - StorageBeanPostProcessor: processing bean of type ua.epam.mishchenko.ticketbooking.dao.impl.UserDAOImpl during initialization
[INFO ] 2025-09-05 15:35:34.166 [main] StorageBeanPostProcessor - StorageBeanPostProcessor: processing bean of type ua.epam.mishchenko.ticketbooking.service.impl.DbEventServiceImpl during initialization
[INFO ] 2025-09-05 15:35:34.171 [main] StorageBeanPostProcessor - StorageBeanPostProcessor: processing bean of type ua.epam.mishchenko.ticketbooking.service.impl.DbTicketServiceImpl during initialization
[INFO ] 2025-09-05 15:35:34.174 [main] StorageBeanPostProcessor - StorageBeanPostProcessor: processing bean of type ua.epam.mishchenko.ticketbooking.service.impl.DbUserServiceImpl during initialization
[INFO ] 2025-09-05 15:35:34.178 [main] StorageBeanPostProcessor - StorageBeanPostProcessor: processing bean of type ua.epam.mishchenko.ticketbooking.service.impl.DbUserAccountServiceImpl during initialization
[INFO ] 2025-09-05 15:35:34.188 [main] StorageBeanPostProcessor - StorageBeanPostProcessor: processing bean of type ua.epam.mishchenko.ticketbooking.facade.impl.BookingFacadeImpl during initialization
[DEBUG] 2025-09-05 15:35:34.224 [main] DbEventServiceImpl - Finding an event by id: 1
[DEBUG] 2025-09-05 15:35:34.514 [main] DbEventServiceImpl - Event with id 1 successfully found 
